CRITICAL - 2024-02-03 02:01:06 --> Invalid file: "ofertaeducativa/index.php"
in SYSTEMPATH\Exceptions\FrameworkException.php on line 39.
 1 SYSTEMPATH\View\View.php(214): CodeIgniter\Exceptions\FrameworkException::forInvalidFile('ofertaeducativa/index.php')
 2 SYSTEMPATH\Common.php(1188): CodeIgniter\View\View->render('ofertaeducativa/index', [], true)
 3 APPPATH\Controllers\OfertaEducativaController.php(11): view('ofertaeducativa/index')
 4 SYSTEMPATH\CodeIgniter.php(919): App\Controllers\OfertaEducativaController->index()
 5 SYSTEMPATH\CodeIgniter.php(494): CodeIgniter\CodeIgniter->runController(Object(App\Controllers\OfertaEducativaController))
 6 SYSTEMPATH\CodeIgniter.php(353): CodeIgniter\CodeIgniter->handleRequest(null, Object(Config\Cache), false)
 7 FCPATH\index.php(79): CodeIgniter\CodeIgniter->run()
 8 SYSTEMPATH\Commands\Server\rewrite.php(47): require_once('E:\\en desarrollo\\upn212website\\public\\index.php')
CRITICAL - 2024-02-03 02:02:26 --> Invalid file: "ofertaeducativa/index.php"
in SYSTEMPATH\Exceptions\FrameworkException.php on line 39.
 1 SYSTEMPATH\View\View.php(214): CodeIgniter\Exceptions\FrameworkException::forInvalidFile('ofertaeducativa/index.php')
 2 SYSTEMPATH\Common.php(1188): CodeIgniter\View\View->render('ofertaeducativa/index', [], true)
 3 APPPATH\Controllers\OfertaEducativaController.php(11): view('ofertaeducativa/index')
 4 SYSTEMPATH\CodeIgniter.php(919): App\Controllers\OfertaEducativaController->index()
 5 SYSTEMPATH\CodeIgniter.php(494): CodeIgniter\CodeIgniter->runController(Object(App\Controllers\OfertaEducativaController))
 6 SYSTEMPATH\CodeIgniter.php(353): CodeIgniter\CodeIgniter->handleRequest(null, Object(Config\Cache), false)
 7 FCPATH\index.php(79): CodeIgniter\CodeIgniter->run()
 8 SYSTEMPATH\Commands\Server\rewrite.php(47): require_once('E:\\en desarrollo\\upn212website\\public\\index.php')
